This is pdfTeX, Version 3.141592653-2.6-1.40.25 (TeX Live 2023/Arch Linux) (preloaded format=latex 2023.12.19)  22 DEC 2023 12:18
entering extended mode
 restricted \write18 enabled.
 %&-line parsing enabled.
**nuovadiscreta.tex
(./nuovadiscreta.tex
LaTeX2e <2022-11-01> patch level 1
L3 programming layer <2023-02-22>
(/usr/share/texmf-dist/tex/latex/base/article.cls
Document Class: article 2022/07/02 v1.4n Standard LaTeX document class
(/usr/share/texmf-dist/tex/latex/base/size10.clo
File: size10.clo 2022/07/02 v1.4n Standard LaTeX file (size option)
)
\c@part=\count185
\c@section=\count186
\c@subsection=\count187
\c@subsubsection=\count188
\c@paragraph=\count189
\c@subparagraph=\count190
\c@figure=\count191
\c@table=\count192
\abovecaptionskip=\skip48
\belowcaptionskip=\skip49
\bibindent=\dimen140
)
(/usr/share/texmf-dist/tex/latex/amsmath/amsmath.sty
Package: amsmath 2022/04/08 v2.17n AMS math features
\@mathmargin=\skip50

For additional information on amsmath, use the `?' option.
(/usr/share/texmf-dist/tex/latex/amsmath/amstext.sty
Package: amstext 2021/08/26 v2.01 AMS text

(/usr/share/texmf-dist/tex/latex/amsmath/amsgen.sty
File: amsgen.sty 1999/11/30 v2.0 generic functions
\@emptytoks=\toks16
\ex@=\dimen141
))
(/usr/share/texmf-dist/tex/latex/amsmath/amsbsy.sty
Package: amsbsy 1999/11/29 v1.2d Bold Symbols
\pmbraise@=\dimen142
)
(/usr/share/texmf-dist/tex/latex/amsmath/amsopn.sty
Package: amsopn 2022/04/08 v2.04 operator names
)
\inf@bad=\count193
LaTeX Info: Redefining \frac on input line 234.
\uproot@=\count194
\leftroot@=\count195
LaTeX Info: Redefining \overline on input line 399.
LaTeX Info: Redefining \colon on input line 410.
\classnum@=\count196
\DOTSCASE@=\count197
LaTeX Info: Redefining \ldots on input line 496.
LaTeX Info: Redefining \dots on input line 499.
LaTeX Info: Redefining \cdots on input line 620.
\Mathstrutbox@=\box51
\strutbox@=\box52
LaTeX Info: Redefining \big on input line 722.
LaTeX Info: Redefining \Big on input line 723.
LaTeX Info: Redefining \bigg on input line 724.
LaTeX Info: Redefining \Bigg on input line 725.
\big@size=\dimen143
LaTeX Font Info:    Redeclaring font encoding OML on input line 743.
LaTeX Font Info:    Redeclaring font encoding OMS on input line 744.
\macc@depth=\count198
LaTeX Info: Redefining \bmod on input line 905.
LaTeX Info: Redefining \pmod on input line 910.
LaTeX Info: Redefining \smash on input line 940.
LaTeX Info: Redefining \relbar on input line 970.
LaTeX Info: Redefining \Relbar on input line 971.
\c@MaxMatrixCols=\count199
\dotsspace@=\muskip16
\c@parentequation=\count266
\dspbrk@lvl=\count267
\tag@help=\toks17
\row@=\count268
\column@=\count269
\maxfields@=\count270
\andhelp@=\toks18
\eqnshift@=\dimen144
\alignsep@=\dimen145
\tagshift@=\dimen146
\tagwidth@=\dimen147
\totwidth@=\dimen148
\lineht@=\dimen149
\@envbody=\toks19
\multlinegap=\skip51
\multlinetaggap=\skip52
\mathdisplay@stack=\toks20
LaTeX Info: Redefining \[ on input line 2953.
LaTeX Info: Redefining \] on input line 2954.
)
(/usr/share/texmf-dist/tex/latex/amsfonts/amssymb.sty
Package: amssymb 2013/01/14 v3.01 AMS font symbols

(/usr/share/texmf-dist/tex/latex/amsfonts/amsfonts.sty
Package: amsfonts 2013/01/14 v3.01 Basic AMSFonts support
\symAMSa=\mathgroup4
\symAMSb=\mathgroup5
LaTeX Font Info:    Redeclaring math symbol \hbar on input line 98.
LaTeX Font Info:    Overwriting math alphabet `\mathfrak' in version `bold'
(Font)                  U/euf/m/n --> U/euf/b/n on input line 106.
))
(/usr/share/texmf-dist/tex/latex/multirow/multirow.sty
Package: multirow 2021/03/15 v2.8 Span multiple rows of a table
\multirow@colwidth=\skip53
\multirow@cntb=\count271
\multirow@dima=\skip54
\bigstrutjot=\dimen150
)
(/usr/share/texmf-dist/tex/latex/graphics/graphicx.sty
Package: graphicx 2021/09/16 v1.2d Enhanced LaTeX Graphics (DPC,SPQR)

(/usr/share/texmf-dist/tex/latex/graphics/keyval.sty
Package: keyval 2022/05/29 v1.15 key=value parser (DPC)
\KV@toks@=\toks21
)
(/usr/share/texmf-dist/tex/latex/graphics/graphics.sty
Package: graphics 2022/03/10 v1.4e Standard LaTeX Graphics (DPC,SPQR)

(/usr/share/texmf-dist/tex/latex/graphics/trig.sty
Package: trig 2021/08/11 v1.11 sin cos tan (DPC)
)
(/usr/share/texmf-dist/tex/latex/graphics-cfg/graphics.cfg
File: graphics.cfg 2016/06/04 v1.11 sample graphics configuration
)
Package graphics Info: Driver file: dvips.def on input line 107.

(/usr/share/texmf-dist/tex/latex/graphics-def/dvips.def
File: dvips.def 2022/09/22 v3.1e Graphics/color driver for dvips
))
\Gin@req@height=\dimen151
\Gin@req@width=\dimen152
)
(/usr/share/texmf-dist/tex/latex/l3backend/l3backend-dvips.def
File: l3backend-dvips.def 2023-01-16 L3 backend support: dvips
\l__pdf_internal_box=\box53
\g__pdf_backend_object_int=\count272
\l__pdf_backend_content_box=\box54
\l__pdf_backend_model_box=\box55
\g__pdf_backend_annotation_int=\count273
\g__pdf_backend_link_int=\count274
\g__pdf_backend_link_sf_int=\count275
)
(./nuovadiscreta.aux)
\openout1 = `nuovadiscreta.aux'.

LaTeX Font Info:    Checking defaults for OML/cmm/m/it on input line 9.
LaTeX Font Info:    ... okay on input line 9.
LaTeX Font Info:    Checking defaults for OMS/cmsy/m/n on input line 9.
LaTeX Font Info:    ... okay on input line 9.
LaTeX Font Info:    Checking defaults for OT1/cmr/m/n on input line 9.
LaTeX Font Info:    ... okay on input line 9.
LaTeX Font Info:    Checking defaults for T1/cmr/m/n on input line 9.
LaTeX Font Info:    ... okay on input line 9.
LaTeX Font Info:    Checking defaults for TS1/cmr/m/n on input line 9.
LaTeX Font Info:    ... okay on input line 9.
LaTeX Font Info:    Checking defaults for OMX/cmex/m/n on input line 9.
LaTeX Font Info:    ... okay on input line 9.
LaTeX Font Info:    Checking defaults for U/cmr/m/n on input line 9.
LaTeX Font Info:    ... okay on input line 9.
LaTeX Font Info:    Trying to load font information for U+msa on input line 18.

 (/usr/share/texmf-dist/tex/latex/amsfonts/umsa.fd
File: umsa.fd 2013/01/14 v3.01 AMS symbols A
)
LaTeX Font Info:    Trying to load font information for U+msb on input line 18.


(/usr/share/texmf-dist/tex/latex/amsfonts/umsb.fd
File: umsb.fd 2013/01/14 v3.01 AMS symbols B
) [1

] [2] [3] [4] [5] [6]
[7] [8] [9] [10] [11] [12] [13] [14] [15]
Overfull \hbox (46.6169pt too wide) detected at line 926
[]\OT1/cmr/m/n/10 ([])[]((1 + \OML/cmm/m/it/10 x\OT1/cmr/m/n/10 )[] \OMS/cmsy/m
/n/10 j[]\OT1/cmr/m/n/10 = (\OMS/cmsy/m/n/10 ^^@\OML/cmm/m/it/10 n\OT1/cmr/m/n/
10 )(\OMS/cmsy/m/n/10 ^^@\OML/cmm/m/it/10 n \OMS/cmsy/m/n/10 ^^@ \OT1/cmr/m/n/1
0 1)(\OMS/cmsy/m/n/10 ^^@\OML/cmm/m/it/10 n \OMS/cmsy/m/n/10 ^^@ \OT1/cmr/m/n/1
0 2)\OML/cmm/m/it/10 :::\OT1/cmr/m/n/10 (\OMS/cmsy/m/n/10 ^^@\OML/cmm/m/it/10 n
 \OMS/cmsy/m/n/10 ^^@ \OML/cmm/m/it/10 k \OMS/cmsy/m/n/10 ^^@ \OT1/cmr/m/n/10 1
) \OMS/cmsy/m/n/10 ! [] []\OML/cmm/m/it/10 x[] \OT1/cmr/m/n/10 =
 []

[16] [17]
Overfull \hbox (11.56107pt too wide) detected at line 1038
[]\OML/cmm/m/it/10 x \OT1/cmr/m/n/10 + \OML/cmm/m/it/10 x\OT1/cmr/m/n/10 (1 \OM
S/cmsy/m/n/10 ^^@ \OML/cmm/m/it/10 p\OT1/cmr/m/n/10 ) + \OML/cmm/m/it/10 x\OT1/
cmr/m/n/10 (1 \OMS/cmsy/m/n/10 ^^@ \OML/cmm/m/it/10 p\OT1/cmr/m/n/10 )[] + \OML
/cmm/m/it/10 ::: \OT1/cmr/m/n/10 + (1 \OMS/cmsy/m/n/10 ^^@ \OML/cmm/m/it/10 p\O
T1/cmr/m/n/10 )[] = \OML/cmm/m/it/10 x []\OT1/cmr/m/n/10 (1 \OMS/cmsy/m/n/10 ^^
@ \OML/cmm/m/it/10 p\OT1/cmr/m/n/10 )[] = \OML/cmm/m/it/10 x[] \OT1/cmr/m/n/10 
= 20\OML/cmm/m/it/10 x \OT1/cmr/m/n/10 (\OML/cmm/m/it/10 circa\OT1/cmr/m/n/10 )

 []

[18] [19] [20] [21] [22] [23] [24]
LaTeX Font Info:    Trying to load font information for OMS+cmr on input line 1
513.

(/usr/share/texmf-dist/tex/latex/base/omscmr.fd
File: omscmr.fd 2022/07/10 v2.5l Standard LaTeX font definitions
)
LaTeX Font Info:    Font shape `OMS/cmr/m/n' in size <10> not available
(Font)              Font shape `OMS/cmsy/m/n' tried instead on input line 1513.

 [25]

LaTeX Warning: Command \o invalid in math mode on input line 1519.

[26] [27]

LaTeX Warning: Command \o invalid in math mode on input line 1627.

[28]

LaTeX Warning: Command \o invalid in math mode on input line 1701.


LaTeX Warning: Command \o invalid in math mode on input line 1701.


LaTeX Warning: Command \o invalid in math mode on input line 1704.


LaTeX Warning: Command \o invalid in math mode on input line 1704.


Overfull \hbox (24.1655pt too wide) detected at line 1705
\OML/cmm/m/it/10 B \OT1/cmr/m/n/10 = ((\OML/cmm/m/it/10 V[]=S\OT1/cmr/m/n/10 ) 
\OMS/cmsy/m/n/10 [ \OT1/cmr/m/n/10 (\OML/cmm/m/it/10 V[]=N[]\OT1/cmr/m/n/10 (\O
ML/cmm/m/it/10 S\OT1/cmr/m/n/10 ))\OML/cmm/m/it/10 ; E[]\OT1/cmr/m/n/10 ) [] \O
ML/cmm/m/it/10 E[] \OT1/cmr/m/n/10 = \OMS/cmsy/m/n/10 f\OML/cmm/m/it/10 l \OMS/
cmsy/m/n/10 2 \OML/cmm/m/it/10 E \OT1/cmr/m/n/10 : \OML/cmm/m/it/10 l \OMS/cmsy
/m/n/10 \ \OML/cmm/m/it/10 S \OT1/cmr/m/n/10 = ^^\ \OMS/cmsy/m/n/10 ^ \OML/cmm/
m/it/10 l \OMS/cmsy/m/n/10 \ \OML/cmm/m/it/10 N[]\OT1/cmr/m/n/10 (\OML/cmm/m/it
/10 S\OT1/cmr/m/n/10 ) = ^^\\OMS/cmsy/m/n/10 g
 []


LaTeX Warning: Command \o invalid in math mode on input line 1710.


LaTeX Warning: Command \o invalid in math mode on input line 1710.


LaTeX Warning: Command \o invalid in math mode on input line 1710.


Overfull \hbox (24.36856pt too wide) detected at line 1732
\OT1/cmr/m/n/10 =\OMS/cmsy/m/n/10 j \OML/cmm/m/it/10 N[]\OT1/cmr/m/n/10 (\OML/c
mm/m/it/10 S\OT1/cmr/m/n/10 ) \OMS/cmsy/m/n/10 [ \OML/cmm/m/it/10 N[]\OT1/cmr/m
/n/10 (\OML/cmm/m/it/10 T\OT1/cmr/m/n/10 ) \OMS/cmsy/m/n/10 j\OT1/cmr/m/n/10 =\
OMS/cmsy/m/n/10 j \OML/cmm/m/it/10 N[]\OT1/cmr/m/n/10 (\OML/cmm/m/it/10 S\OT1/c
mr/m/n/10 ) \OMS/cmsy/m/n/10 j \OT1/cmr/m/n/10 + \OMS/cmsy/m/n/10 j \OML/cmm/m/
it/10 N[]\OT1/cmr/m/n/10 (\OML/cmm/m/it/10 T\OT1/cmr/m/n/10 ) \OMS/cmsy/m/n/10 
j\OT1/cmr/m/n/10 =\OMS/cmsy/m/n/10 j \OML/cmm/m/it/10 S \OMS/cmsy/m/n/10 j \OT1
/cmr/m/n/10 + \OMS/cmsy/m/n/10 j \OML/cmm/m/it/10 N[]\OT1/cmr/m/n/10 (\OML/cmm/
m/it/10 T\OT1/cmr/m/n/10 ) \OMS/cmsy/m/n/10 j)j \OML/cmm/m/it/10 T \OMS/cmsy/m/
n/10 j^^Tj \OML/cmm/m/it/10 N[]\OT1/cmr/m/n/10 (\OML/cmm/m/it/10 T\OT1/cmr/m/n/
10 ) \OMS/cmsy/m/n/10 j
 []

[29]

LaTeX Warning: Command \o invalid in math mode on input line 1774.


LaTeX Warning: Command \o invalid in math mode on input line 1778.

[30]
Overfull \hbox (19.49892pt too wide) detected at line 1856
\OML/cmm/m/it/10 ^^_\OT1/cmr/m/n/10 (\OML/cmm/m/it/10 G\OT1/cmr/m/n/10 ) \OMS/c
msy/m/n/10 ^^T \OML/cmm/m/it/10 max[]\OMS/cmsy/m/n/10 f\OML/cmm/m/it/10 d[]\OT1
/cmr/m/n/10 (\OML/cmm/m/it/10 v\OT1/cmr/m/n/10 )\OMS/cmsy/m/n/10 g \OT1/cmr/m/n
/10 + 1 \OMS/cmsy/m/n/10 ^^T \OML/cmm/m/it/10 max[]\OMS/cmsy/m/n/10 f\OML/cmm/m
/it/10 d[]\OT1/cmr/m/n/10 (\OML/cmm/m/it/10 v\OT1/cmr/m/n/10 )\OMS/cmsy/m/n/10 
g \OT1/cmr/m/n/10 + 1 \OMS/cmsy/m/n/10 ^^T \OML/cmm/m/it/10 max[]v \OMS/cmsy/m/
n/10 2 \OML/cmm/m/it/10 V\OMS/cmsy/m/n/10 gf\OML/cmm/m/it/10 d[]\OT1/cmr/m/n/10
 (\OML/cmm/m/it/10 v\OT1/cmr/m/n/10 )\OMS/cmsy/m/n/10 g \OT1/cmr/m/n/10 + 1
 []

[31] [32]

LaTeX Warning: Command \o invalid in math mode on input line 1935.

[33]
File: pic/griglia5.png Graphic file (type eps)
 <pic/griglia5.png>

LaTeX Warning: Command \o invalid in math mode on input line 2009.

File: pic/dimostrazioneXvertice.png Graphic file (type eps)
<pic/dimostrazioneXvertice.png> [34]
File: pic/f1farfalla.png Graphic file (type eps)
 <pic/f1farfalla.png>
File: pic/f2farfalla.png Graphic file (type eps)
 <pic/f2farfalla.png>
[35] [36] (./nuovadiscreta.aux) ) 
Here is how much of TeX's memory you used:
 2295 strings out of 477986
 34588 string characters out of 5840083
 1871385 words of memory out of 5000000
 22486 multiletter control sequences out of 15000+600000
 515839 words of font info for 46 fonts, out of 8000000 for 9000
 14 hyphenation exceptions out of 8191
 57i,21n,62p,258b,249s stack positions out of 10000i,1000n,20000p,200000b,200000s

Output written on nuovadiscreta.dvi (36 pages, 88584 bytes).
