This is pdfTeX, Version 3.141592653-2.6-1.40.25 (TeX Live 2023/Arch Linux) (preloaded format=latex 2023.10.7)  11 OCT 2023 06:37
entering extended mode
 restricted \write18 enabled.
 %&-line parsing enabled.
**programmazione.tex
(./programmazione.tex
LaTeX2e <2022-11-01> patch level 1
L3 programming layer <2023-02-22>
(/usr/share/texmf-dist/tex/latex/base/article.cls
Document Class: article 2022/07/02 v1.4n Standard LaTeX document class
(/usr/share/texmf-dist/tex/latex/base/size10.clo
File: size10.clo 2022/07/02 v1.4n Standard LaTeX file (size option)
)
\c@part=\count185
\c@section=\count186
\c@subsection=\count187
\c@subsubsection=\count188
\c@paragraph=\count189
\c@subparagraph=\count190
\c@figure=\count191
\c@table=\count192
\abovecaptionskip=\skip48
\belowcaptionskip=\skip49
\bibindent=\dimen140
)
(/usr/share/texmf-dist/tex/latex/listings/listings.sty
(/usr/share/texmf-dist/tex/latex/graphics/keyval.sty
Package: keyval 2022/05/29 v1.15 key=value parser (DPC)
\KV@toks@=\toks16
)
\lst@mode=\count193
\lst@gtempboxa=\box51
\lst@token=\toks17
\lst@length=\count194
\lst@currlwidth=\dimen141
\lst@column=\count195
\lst@pos=\count196
\lst@lostspace=\dimen142
\lst@width=\dimen143
\lst@newlines=\count197
\lst@lineno=\count198
\lst@maxwidth=\dimen144

(/usr/share/texmf-dist/tex/latex/listings/lstmisc.sty
File: lstmisc.sty 2023/02/27 1.9 (Carsten Heinz)
\c@lstnumber=\count199
\lst@skipnumbers=\count266
\lst@framebox=\box52
)
(/usr/share/texmf-dist/tex/latex/listings/listings.cfg
File: listings.cfg 2023/02/27 1.9 listings configuration
))
Package: listings 2023/02/27 1.9 (Carsten Heinz)

(/usr/share/texmf-dist/tex/latex/l3backend/l3backend-dvips.def
File: l3backend-dvips.def 2023-01-16 L3 backend support: dvips
\l__pdf_internal_box=\box53
\g__pdf_backend_object_int=\count267
\l__pdf_backend_content_box=\box54
\l__pdf_backend_model_box=\box55
\g__pdf_backend_annotation_int=\count268
\g__pdf_backend_link_int=\count269
\g__pdf_backend_link_sf_int=\count270
)
(./programmazione.aux)
\openout1 = `programmazione.aux'.

LaTeX Font Info:    Checking defaults for OML/cmm/m/it on input line 4.
LaTeX Font Info:    ... okay on input line 4.
LaTeX Font Info:    Checking defaults for OMS/cmsy/m/n on input line 4.
LaTeX Font Info:    ... okay on input line 4.
LaTeX Font Info:    Checking defaults for OT1/cmr/m/n on input line 4.
LaTeX Font Info:    ... okay on input line 4.
LaTeX Font Info:    Checking defaults for T1/cmr/m/n on input line 4.
LaTeX Font Info:    ... okay on input line 4.
LaTeX Font Info:    Checking defaults for TS1/cmr/m/n on input line 4.
LaTeX Font Info:    ... okay on input line 4.
LaTeX Font Info:    Checking defaults for OMX/cmex/m/n on input line 4.
LaTeX Font Info:    ... okay on input line 4.
LaTeX Font Info:    Checking defaults for U/cmr/m/n on input line 4.
LaTeX Font Info:    ... okay on input line 4.
\c@lstlisting=\count271
 (/usr/share/texmf-dist/tex/latex/listings/lstlang1.sty
File: lstlang1.sty 2023/02/27 1.9 listings language file
)
LaTeX Font Info:    Trying to load font information for OML+cmr on input line 1
9.

(/usr/share/texmf-dist/tex/latex/base/omlcmr.fd
File: omlcmr.fd 2022/07/10 v2.5l Standard LaTeX font definitions
)
LaTeX Font Info:    Font shape `OML/cmr/m/n' in size <10> not available
(Font)              Font shape `OML/cmm/m/it' tried instead on input line 19.
LaTeX Font Info:    External font `cmex10' loaded for size
(Font)              <7> on input line 28.
LaTeX Font Info:    External font `cmex10' loaded for size
(Font)              <5> on input line 28.
 [1

] (./programmazione.aux) ) 
Here is how much of TeX's memory you used:
 2297 strings out of 477986
 33198 string characters out of 5840084
 1872385 words of memory out of 5000000
 22551 multiletter control sequences out of 15000+600000
 514486 words of font info for 39 fonts, out of 8000000 for 9000
 14 hyphenation exceptions out of 8191
 41i,5n,50p,432b,1561s stack positions out of 10000i,1000n,20000p,200000b,200000s

Output written on programmazione.dvi (1 page, 3488 bytes).
