This is pdfTeX, Version 3.141592653-2.6-1.40.25 (TeX Live 2023/Arch Linux) (preloaded format=latex 2023.10.7)  8 OCT 2023 10:03
entering extended mode
 restricted \write18 enabled.
 %&-line parsing enabled.
**1-Lezione.tex
(./1-Lezione.tex
LaTeX2e <2022-11-01> patch level 1
L3 programming layer <2023-02-22>
(/usr/share/texmf-dist/tex/latex/base/article.cls
Document Class: article 2022/07/02 v1.4n Standard LaTeX document class
(/usr/share/texmf-dist/tex/latex/base/size10.clo
File: size10.clo 2022/07/02 v1.4n Standard LaTeX file (size option)
)
\c@part=\count185
\c@section=\count186
\c@subsection=\count187
\c@subsubsection=\count188
\c@paragraph=\count189
\c@subparagraph=\count190
\c@figure=\count191
\c@table=\count192
\abovecaptionskip=\skip48
\belowcaptionskip=\skip49
\bibindent=\dimen140
)
(/usr/share/texmf-dist/tex/latex/graphics/graphicx.sty
Package: graphicx 2021/09/16 v1.2d Enhanced LaTeX Graphics (DPC,SPQR)

(/usr/share/texmf-dist/tex/latex/graphics/keyval.sty
Package: keyval 2022/05/29 v1.15 key=value parser (DPC)
\KV@toks@=\toks16
)
(/usr/share/texmf-dist/tex/latex/graphics/graphics.sty
Package: graphics 2022/03/10 v1.4e Standard LaTeX Graphics (DPC,SPQR)

(/usr/share/texmf-dist/tex/latex/graphics/trig.sty
Package: trig 2021/08/11 v1.11 sin cos tan (DPC)
)
(/usr/share/texmf-dist/tex/latex/graphics-cfg/graphics.cfg
File: graphics.cfg 2016/06/04 v1.11 sample graphics configuration
)
Package graphics Info: Driver file: dvips.def on input line 107.

(/usr/share/texmf-dist/tex/latex/graphics-def/dvips.def
File: dvips.def 2022/09/22 v3.1e Graphics/color driver for dvips
))
\Gin@req@height=\dimen141
\Gin@req@width=\dimen142
)
(/usr/share/texmf-dist/tex/latex/blindtext/blindtext.sty
Package: blindtext 2012/01/06 V2.0 blindtext-Package

(/usr/share/texmf-dist/tex/latex/tools/xspace.sty
Package: xspace 2014/10/28 v1.13 Space after command names (DPC,MH)
)
\c@blindtext=\count193
\c@Blindtext=\count194
\c@blind@countparstart=\count195
\blind@countxx=\count196
\blindtext@numBlindtext=\count197
\blind@countyy=\count198
\c@blindlist=\count199
\c@blindlistlevel=\count266
\c@blindlist@level=\count267
\blind@listitem=\count268
\c@blind@listcount=\count269
\c@blind@levelcount=\count270
\blind@mathformula=\count271
\blind@Mathformula=\count272
\c@blind@randomcount=\count273
\c@blind@randommax=\count274
\c@blind@pangramcount=\count275
\c@blind@pangrammax=\count276
)
(/usr/share/texmf-dist/tex/latex/l3backend/l3backend-dvips.def
File: l3backend-dvips.def 2023-01-16 L3 backend support: dvips
\l__pdf_internal_box=\box51
\g__pdf_backend_object_int=\count277
\l__pdf_backend_content_box=\box52
\l__pdf_backend_model_box=\box53
\g__pdf_backend_annotation_int=\count278
\g__pdf_backend_link_int=\count279
\g__pdf_backend_link_sf_int=\count280
)
(./1-Lezione.aux)
\openout1 = `1-Lezione.aux'.

LaTeX Font Info:    Checking defaults for OML/cmm/m/it on input line 6.
LaTeX Font Info:    ... okay on input line 6.
LaTeX Font Info:    Checking defaults for OMS/cmsy/m/n on input line 6.
LaTeX Font Info:    ... okay on input line 6.
LaTeX Font Info:    Checking defaults for OT1/cmr/m/n on input line 6.
LaTeX Font Info:    ... okay on input line 6.
LaTeX Font Info:    Checking defaults for T1/cmr/m/n on input line 6.
LaTeX Font Info:    ... okay on input line 6.
LaTeX Font Info:    Checking defaults for TS1/cmr/m/n on input line 6.
LaTeX Font Info:    ... okay on input line 6.
LaTeX Font Info:    Checking defaults for OMX/cmex/m/n on input line 6.
LaTeX Font Info:    ... okay on input line 6.
LaTeX Font Info:    Checking defaults for U/cmr/m/n on input line 6.
LaTeX Font Info:    ... okay on input line 6.
LaTeX Font Info:    External font `cmex10' loaded for size
(Font)              <7> on input line 10.
LaTeX Font Info:    External font `cmex10' loaded for size
(Font)              <5> on input line 10.

Underfull \hbox (badness 10000) in paragraph at lines 8--11

 []


Underfull \hbox (badness 10000) in paragraph at lines 8--11

 []


Underfull \hbox (badness 10000) in paragraph at lines 12--13

 []


! LaTeX Error: Cannot determine size of graphic in ./immagini//1-Lezione-2-esem
pio.png (no BoundingBox).

See the LaTeX manual or LaTeX Companion for explanation.
Type  H <return>  for immediate help.
 ...                                              
                                                  
l.25 \includegraphics{1-Lezione-2-esempio.png}
                                              
? 
File: ./immagini//1-Lezione-2-esempio.png Graphic file (type eps)
<./immagini//1-Lezione-2-esempio.png>
Underfull \hbox (badness 10000) in paragraph at lines 14--49

 []


Underfull \hbox (badness 10000) in paragraph at lines 14--49

 []


Underfull \hbox (badness 10000) in paragraph at lines 14--49

 []


Underfull \hbox (badness 10000) in paragraph at lines 14--49

 []


Underfull \hbox (badness 10000) in paragraph at lines 14--49

 []


Underfull \hbox (badness 10000) in paragraph at lines 14--49

 []


Underfull \hbox (badness 10000) in paragraph at lines 14--49

 []


Underfull \hbox (badness 10000) in paragraph at lines 14--49

 []


Underfull \hbox (badness 10000) in paragraph at lines 14--49

 []


Underfull \hbox (badness 10000) in paragraph at lines 14--49

 []


Underfull \hbox (badness 10000) in paragraph at lines 14--49

 []


Underfull \hbox (badness 10000) in paragraph at lines 14--49

 []


Underfull \hbox (badness 10000) in paragraph at lines 14--49

 []


Underfull \hbox (badness 10000) in paragraph at lines 14--49

 []


Underfull \hbox (badness 10000) in paragraph at lines 14--49

 []


Underfull \hbox (badness 10000) in paragraph at lines 14--49

 []


Underfull \hbox (badness 10000) in paragraph at lines 14--49

 []

[1

]

! LaTeX Error: Cannot determine size of graphic in ./immagini/funzione-retta.pn
g (no BoundingBox).

See the LaTeX manual or LaTeX Companion for explanation.
Type  H <return>  for immediate help.
 ...                                              
                                                  
l.56 ...udegraphics{./immagini/funzione-retta.png}
                                                  
? 
File: ./immagini/funzione-retta.png Graphic file (type eps)
<./immagini/funzione-retta.png>

! LaTeX Error: Cannot determine size of graphic in ./immagini/funzione-modulo.p
ng (no BoundingBox).

See the LaTeX manual or LaTeX Companion for explanation.
Type  H <return>  for immediate help.
 ...                                              
                                                  
l.68 ...degraphics{./immagini/funzione-modulo.png}
                                                  
? 
File: ./immagini/funzione-modulo.png Graphic file (type eps)
<./immagini/funzione-modulo.png>

! LaTeX Error: Cannot determine size of graphic in ./immagini/funzione-potenza-
pari.png (no BoundingBox).

See the LaTeX manual or LaTeX Companion for explanation.
Type  H <return>  for immediate help.
 ...                                              
                                                  
l.75 ...hics{./immagini/funzione-potenza-pari.png}
                                                  
? 
File: ./immagini/funzione-potenza-pari.png Graphic file (type eps)
<./immagini/funzione-potenza-pari.png>

! LaTeX Error: Cannot determine size of graphic in ./immagini/funzione-potenza-
dispari.png (no BoundingBox).

See the LaTeX manual or LaTeX Companion for explanation.
Type  H <return>  for immediate help.
 ...                                              
                                                  
l.80 ...s{./immagini/funzione-potenza-dispari.png}
                                                  
? 
File: ./immagini/funzione-potenza-dispari.png Graphic file (type eps)
<./immagini/funzione-potenza-dispari.png>

! LaTeX Error: Cannot determine size of graphic in ./immagini/funzione-potenza-
pari-minore.png (no BoundingBox).

See the LaTeX manual or LaTeX Companion for explanation.
Type  H <return>  for immediate help.
 ...                                              
                                                  
l.88 ...immagini/funzione-potenza-pari-minore.png}
                                                  
? 
File: ./immagini/funzione-potenza-pari-minore.png Graphic file (type eps)
<./immagini/funzione-potenza-pari-minore.png>

! LaTeX Error: Cannot determine size of graphic in ./immagini/funzione-potenza-
dispari-minore.png (no BoundingBox).

See the LaTeX manual or LaTeX Companion for explanation.
Type  H <return>  for immediate help.
 ...                                              
                                                  
l.92 ...agini/funzione-potenza-dispari-minore.png}
                                                  
? 
File: ./immagini/funzione-potenza-dispari-minore.png Graphic file (type eps)
<./immagini/funzione-potenza-dispari-minore.png>

! LaTeX Error: Cannot determine size of graphic in ./immagini/funzione-radice-p
ari.png (no BoundingBox).

See the LaTeX manual or LaTeX Companion for explanation.
Type  H <return>  for immediate help.
 ...                                              
                                                  
l.97 ...phics{./immagini/funzione-radice-pari.png}
                                                  
? 
File: ./immagini/funzione-radice-pari.png Graphic file (type eps)
<./immagini/funzione-radice-pari.png>

! LaTeX Error: Cannot determine size of graphic in ./immagini/funzione-radice-d
ispari.png (no BoundingBox).

See the LaTeX manual or LaTeX Companion for explanation.
Type  H <return>  for immediate help.
 ...                                              
                                                  
l.101 ...s{./immagini/funzione-radice-dispari.png}
                                                  
? 
File: ./immagini/funzione-radice-dispari.png Graphic file (type eps)
<./immagini/funzione-radice-dispari.png>

! LaTeX Error: Cannot determine size of graphic in ./immagini/funzione-esponenz
iale.png (no BoundingBox).

See the LaTeX manual or LaTeX Companion for explanation.
Type  H <return>  for immediate help.
 ...                                              
                                                  
l.110 ...ics{./immagini/funzione-esponenziale.png}
                                                  
? 
File: ./immagini/funzione-esponenziale.png Graphic file (type eps)
<./immagini/funzione-esponenziale.png>

! LaTeX Error: Cannot determine size of graphic in ./immagini/funzione-esponenz
iale-negativa.png (no BoundingBox).

See the LaTeX manual or LaTeX Companion for explanation.
Type  H <return>  for immediate help.
 ...                                              
                                                  
l.116 ...agini/funzione-esponenziale-negativa.png}
                                                  
? 
File: ./immagini/funzione-esponenziale-negativa.png Graphic file (type eps)
<./immagini/funzione-esponenziale-negativa.png>

! LaTeX Error: Cannot determine size of graphic in ./immagini/funzione-logaritm
ica.png (no BoundingBox).

See the LaTeX manual or LaTeX Companion for explanation.
Type  H <return>  for immediate help.
 ...                                              
                                                  
l.126 ...hics{./immagini/funzione-logaritmica.png}
                                                  
? 
File: ./immagini/funzione-logaritmica.png Graphic file (type eps)
<./immagini/funzione-logaritmica.png>

! LaTeX Error: Cannot determine size of graphic in ./immagini/funzione-logartmi
ca-negativa.png (no BoundingBox).

See the LaTeX manual or LaTeX Companion for explanation.
Type  H <return>  for immediate help.
 ...                                              
                                                  
l.131 ...mmagini/funzione-logartmica-negativa.png}
                                                  
? 
File: ./immagini/funzione-logartmica-negativa.png Graphic file (type eps)
<./immagini/funzione-logartmica-negativa.png>
Underfull \hbox (badness 10000) in paragraph at lines 51--180

 []


Underfull \hbox (badness 10000) in paragraph at lines 51--180

 []


Underfull \hbox (badness 10000) in paragraph at lines 51--180

 []


Underfull \hbox (badness 10000) in paragraph at lines 51--180

 []


Underfull \hbox (badness 10000) in paragraph at lines 51--180

 []


Underfull \hbox (badness 10000) in paragraph at lines 51--180

 []


Underfull \hbox (badness 10000) in paragraph at lines 51--180

 []


Underfull \hbox (badness 10000) in paragraph at lines 51--180

 []


Underfull \hbox (badness 10000) in paragraph at lines 51--180

 []


Underfull \hbox (badness 10000) in paragraph at lines 51--180

 []


Underfull \hbox (badness 10000) in paragraph at lines 51--180

 []


Underfull \hbox (badness 10000) in paragraph at lines 51--180

 []


Underfull \hbox (badness 10000) in paragraph at lines 51--180

 []


Underfull \hbox (badness 10000) in paragraph at lines 51--180

 []


Underfull \hbox (badness 10000) in paragraph at lines 51--180

 []


Underfull \hbox (badness 10000) in paragraph at lines 51--180

 []


Underfull \hbox (badness 10000) in paragraph at lines 51--180

 []


Underfull \hbox (badness 10000) in paragraph at lines 51--180

 []


Underfull \hbox (badness 10000) in paragraph at lines 51--180

 []


Underfull \hbox (badness 10000) in paragraph at lines 51--180

 []


Underfull \hbox (badness 10000) in paragraph at lines 51--180

 []


Underfull \hbox (badness 10000) in paragraph at lines 51--180

 []


Underfull \hbox (badness 10000) in paragraph at lines 51--180

 []


Underfull \hbox (badness 10000) in paragraph at lines 51--180

 []


Underfull \hbox (badness 10000) in paragraph at lines 51--180

 []


Underfull \hbox (badness 10000) in paragraph at lines 51--180

 []


Underfull \hbox (badness 10000) in paragraph at lines 51--180

 []


Underfull \hbox (badness 10000) in paragraph at lines 51--180

 []


Underfull \hbox (badness 10000) in paragraph at lines 51--180

 []


Underfull \hbox (badness 10000) in paragraph at lines 51--180

 []


Underfull \hbox (badness 10000) in paragraph at lines 51--180

 []


Underfull \hbox (badness 10000) in paragraph at lines 51--180

 []


Underfull \hbox (badness 10000) in paragraph at lines 51--180

 []


Underfull \hbox (badness 10000) in paragraph at lines 51--180

 []


Underfull \hbox (badness 10000) in paragraph at lines 51--180

 []


Underfull \hbox (badness 10000) in paragraph at lines 51--180

 []


Underfull \hbox (badness 10000) in paragraph at lines 51--180

 []


Underfull \hbox (badness 10000) in paragraph at lines 51--180

 []


Underfull \hbox (badness 10000) in paragraph at lines 51--180

 []


Underfull \hbox (badness 10000) in paragraph at lines 51--180

 []


Underfull \hbox (badness 10000) in paragraph at lines 51--180

 []

[2] [3] [4] [5] [6] (./1-Lezione.aux) ) 
Here is how much of TeX's memory you used:
 1320 strings out of 477986
 29341 string characters out of 5840084
 1859385 words of memory out of 5000000
 21513 multiletter control sequences out of 15000+600000
 513200 words of font info for 35 fonts, out of 8000000 for 9000
 14 hyphenation exceptions out of 8191
 57i,5n,62p,2225b,154s stack positions out of 10000i,1000n,20000p,200000b,200000s

Output written on 1-Lezione.dvi (6 pages, 7548 bytes).
